[2021-05-28 08:18:24.124] [exthost] [info] extension host started
[2021-05-28 08:18:24.304] [exthost] [info] ExtensionService#_doActivateExtension vscode.emmet {"startup":false,"extensionId":{"value":"vscode.emmet","_lower":"vscode.emmet"},"activationEvent":"onLanguage:html"}
[2021-05-28 08:18:24.305] [exthost] [info] ExtensionService#loadCommonJSModule file:///home/soyidiis/.vscode-server/bin/054a9295330880ed74ceaedda236253b4f39a335/extensions/emmet/dist/node/emmetNodeMain
[2021-05-28 08:18:24.362] [exthost] [info] ExtensionService#_doActivateExtension vscode.html-language-features {"startup":false,"extensionId":{"value":"vscode.html-language-features","_lower":"vscode.html-language-features"},"activationEvent":"onLanguage:html"}
[2021-05-28 08:18:24.363] [exthost] [info] ExtensionService#loadCommonJSModule file:///home/soyidiis/.vscode-server/bin/054a9295330880ed74ceaedda236253b4f39a335/extensions/html-language-features/client/dist/node/htmlClientMain
[2021-05-28 08:18:24.530] [exthost] [info] ExtensionService#_doActivateExtension vscode.debug-auto-launch {"startup":true,"extensionId":{"value":"vscode.debug-auto-launch","_lower":"vscode.debug-auto-launch"},"activationEvent":"*"}
[2021-05-28 08:18:24.530] [exthost] [info] ExtensionService#loadCommonJSModule file:///home/soyidiis/.vscode-server/bin/054a9295330880ed74ceaedda236253b4f39a335/extensions/debug-auto-launch/dist/extension
[2021-05-28 08:18:24.537] [exthost] [info] ExtensionService#_doActivateExtension vscode.git {"startup":true,"extensionId":{"value":"vscode.github","_lower":"vscode.github"},"activationEvent":"*"}
[2021-05-28 08:18:24.538] [exthost] [info] ExtensionService#loadCommonJSModule file:///home/soyidiis/.vscode-server/bin/054a9295330880ed74ceaedda236253b4f39a335/extensions/git/dist/main
[2021-05-28 08:18:24.681] [exthost] [info] ExtensionService#_doActivateExtension christian-kohler.path-intellisense {"startup":true,"extensionId":{"value":"christian-kohler.path-intellisense","_lower":"christian-kohler.path-intellisense"},"activationEvent":"*"}
[2021-05-28 08:18:24.682] [exthost] [info] ExtensionService#loadCommonJSModule file:///home/soyidiis/.vscode-server/extensions/christian-kohler.path-intellisense-2.3.0/out/extension.js
[2021-05-28 08:18:24.719] [exthost] [info] ExtensionService#_doActivateExtension naumovs.color-highlight {"startup":true,"extensionId":{"value":"naumovs.color-highlight","_lower":"naumovs.color-highlight"},"activationEvent":"*"}
[2021-05-28 08:18:24.719] [exthost] [info] ExtensionService#loadCommonJSModule file:///home/soyidiis/.vscode-server/extensions/naumovs.color-highlight-2.3.0/dist/extension
[2021-05-28 08:18:24.755] [exthost] [info] ExtensionService#_doActivateExtension ritwickdey.LiveServer {"startup":true,"extensionId":{"value":"ritwickdey.LiveServer","_lower":"ritwickdey.liveserver"},"activationEvent":"*"}
[2021-05-28 08:18:24.755] [exthost] [info] ExtensionService#loadCommonJSModule file:///home/soyidiis/.vscode-server/extensions/ritwickdey.liveserver-5.6.1/out/src/extension
[2021-05-28 08:18:25.833] [exthost] [info] ExtensionService#_doActivateExtension vscode.github {"startup":true,"extensionId":{"value":"vscode.github","_lower":"vscode.github"},"activationEvent":"*"}
[2021-05-28 08:18:25.833] [exthost] [info] ExtensionService#loadCommonJSModule file:///home/soyidiis/.vscode-server/bin/054a9295330880ed74ceaedda236253b4f39a335/extensions/github/dist/extension.js
[2021-05-28 08:18:26.360] [exthost] [info] ExtensionService#_doActivateExtension vscode.merge-conflict {"startup":false,"extensionId":{"value":"vscode.merge-conflict","_lower":"vscode.merge-conflict"},"activationEvent":"onStartupFinished"}
[2021-05-28 08:18:26.361] [exthost] [info] ExtensionService#loadCommonJSModule file:///home/soyidiis/.vscode-server/bin/054a9295330880ed74ceaedda236253b4f39a335/extensions/merge-conflict/dist/mergeConflictMain
[2021-05-28 08:18:26.398] [exthost] [info] ExtensionService#_doActivateExtension vscode.testing-editor-contributions {"startup":false,"extensionId":{"value":"vscode.testing-editor-contributions","_lower":"vscode.testing-editor-contributions"},"activationEvent":"onStartupFinished"}
[2021-05-28 08:18:26.398] [exthost] [info] ExtensionService#loadCommonJSModule file:///home/soyidiis/.vscode-server/bin/054a9295330880ed74ceaedda236253b4f39a335/extensions/testing-editor-contributions/dist/extension.js
[2021-05-28 08:18:26.412] [exthost] [info] ExtensionService#_doActivateExtension esbenp.prettier-vscode {"startup":false,"extensionId":{"value":"esbenp.prettier-vscode","_lower":"esbenp.prettier-vscode"},"activationEvent":"onStartupFinished"}
[2021-05-28 08:18:26.412] [exthost] [info] ExtensionService#loadCommonJSModule file:///home/soyidiis/.vscode-server/extensions/esbenp.prettier-vscode-6.4.0/dist/extension
[2021-05-28 08:18:26.868] [exthost] [info] eager extensions activated
[2021-05-28 08:18:26.880] [exthost] [info] ExtensionService#_doActivateExtension ms-vscode.js-debug {"startup":false,"extensionId":{"value":"ms-vscode.js-debug","_lower":"ms-vscode.js-debug"},"activationEvent":"onCommand:extension.js-debug.clearAutoAttachVariables"}
[2021-05-28 08:18:26.881] [exthost] [info] ExtensionService#loadCommonJSModule file:///home/soyidiis/.vscode-server/bin/054a9295330880ed74ceaedda236253b4f39a335/extensions/ms-vscode.js-debug/src/extension.js
[2021-05-28 08:27:00.112] [exthost] [info] extension host terminating: received terminate message from renderer
[2021-05-28 08:27:01.138] [exthost] [info] exiting with code 0
