[2021-05-27 08:24:51.591] [exthost] [info] extension host started
[2021-05-27 08:24:51.657] [exthost] [info] ExtensionService#_doActivateExtension vscode.debug-auto-launch {"startup":true,"extensionId":{"value":"vscode.debug-auto-launch","_lower":"vscode.debug-auto-launch"},"activationEvent":"*"}
[2021-05-27 08:24:51.657] [exthost] [info] ExtensionService#loadCommonJSModule file:///home/soyidiis/.vscode-server/bin/054a9295330880ed74ceaedda236253b4f39a335/extensions/debug-auto-launch/dist/extension
[2021-05-27 08:24:51.664] [exthost] [info] ExtensionService#_doActivateExtension vscode.git {"startup":true,"extensionId":{"value":"vscode.github","_lower":"vscode.github"},"activationEvent":"*"}
[2021-05-27 08:24:51.664] [exthost] [info] ExtensionService#loadCommonJSModule file:///home/soyidiis/.vscode-server/bin/054a9295330880ed74ceaedda236253b4f39a335/extensions/git/dist/main
[2021-05-27 08:24:52.269] [exthost] [info] ExtensionService#_doActivateExtension vscode.github {"startup":true,"extensionId":{"value":"vscode.github","_lower":"vscode.github"},"activationEvent":"*"}
[2021-05-27 08:24:52.269] [exthost] [info] ExtensionService#loadCommonJSModule file:///home/soyidiis/.vscode-server/bin/054a9295330880ed74ceaedda236253b4f39a335/extensions/github/dist/extension.js
[2021-05-27 08:24:52.364] [exthost] [info] ExtensionService#_doActivateExtension vscode.emmet {"startup":false,"extensionId":{"value":"vscode.emmet","_lower":"vscode.emmet"},"activationEvent":"onStartupFinished"}
[2021-05-27 08:24:52.364] [exthost] [info] ExtensionService#loadCommonJSModule file:///home/soyidiis/.vscode-server/bin/054a9295330880ed74ceaedda236253b4f39a335/extensions/emmet/dist/node/emmetNodeMain
[2021-05-27 08:24:52.397] [exthost] [info] ExtensionService#_doActivateExtension vscode.merge-conflict {"startup":false,"extensionId":{"value":"vscode.merge-conflict","_lower":"vscode.merge-conflict"},"activationEvent":"onStartupFinished"}
[2021-05-27 08:24:52.397] [exthost] [info] ExtensionService#loadCommonJSModule file:///home/soyidiis/.vscode-server/bin/054a9295330880ed74ceaedda236253b4f39a335/extensions/merge-conflict/dist/mergeConflictMain
[2021-05-27 08:24:52.404] [exthost] [info] ExtensionService#_doActivateExtension vscode.testing-editor-contributions {"startup":false,"extensionId":{"value":"vscode.testing-editor-contributions","_lower":"vscode.testing-editor-contributions"},"activationEvent":"onStartupFinished"}
[2021-05-27 08:24:52.404] [exthost] [info] ExtensionService#loadCommonJSModule file:///home/soyidiis/.vscode-server/bin/054a9295330880ed74ceaedda236253b4f39a335/extensions/testing-editor-contributions/dist/extension.js
[2021-05-27 08:24:52.406] [exthost] [info] eager extensions activated
[2021-05-27 08:24:52.410] [exthost] [info] ExtensionService#_doActivateExtension ms-vscode.js-debug {"startup":false,"extensionId":{"value":"ms-vscode.js-debug","_lower":"ms-vscode.js-debug"},"activationEvent":"onCommand:extension.js-debug.clearAutoAttachVariables"}
[2021-05-27 08:24:52.410] [exthost] [info] ExtensionService#loadCommonJSModule file:///home/soyidiis/.vscode-server/bin/054a9295330880ed74ceaedda236253b4f39a335/extensions/ms-vscode.js-debug/src/extension.js
[2021-05-27 08:25:14.746] [exthost] [info] ExtensionService#_doActivateExtension vscode.configuration-editing {"startup":false,"extensionId":{"value":"vscode.configuration-editing","_lower":"vscode.configuration-editing"},"activationEvent":"onLanguage:json"}
[2021-05-27 08:25:14.747] [exthost] [info] ExtensionService#loadCommonJSModule file:///home/soyidiis/.vscode-server/bin/054a9295330880ed74ceaedda236253b4f39a335/extensions/configuration-editing/dist/configurationEditingMain
[2021-05-27 08:25:14.757] [exthost] [info] ExtensionService#_doActivateExtension vscode.extension-editing {"startup":false,"extensionId":{"value":"vscode.extension-editing","_lower":"vscode.extension-editing"},"activationEvent":"onLanguage:json"}
[2021-05-27 08:25:14.757] [exthost] [info] ExtensionService#loadCommonJSModule file:///home/soyidiis/.vscode-server/bin/054a9295330880ed74ceaedda236253b4f39a335/extensions/extension-editing/dist/extensionEditingMain
[2021-05-27 08:25:14.821] [exthost] [info] ExtensionService#_doActivateExtension vscode.json-language-features {"startup":false,"extensionId":{"value":"vscode.json-language-features","_lower":"vscode.json-language-features"},"activationEvent":"onLanguage:json"}
[2021-05-27 08:25:14.821] [exthost] [info] ExtensionService#loadCommonJSModule file:///home/soyidiis/.vscode-server/bin/054a9295330880ed74ceaedda236253b4f39a335/extensions/json-language-features/client/dist/node/jsonClientMain
[2021-05-27 08:25:14.993] [exthost] [info] ExtensionService#_doActivateExtension vscode.npm {"startup":false,"extensionId":{"value":"vscode.npm","_lower":"vscode.npm"},"activationEvent":"onLanguage:json"}
[2021-05-27 08:25:14.994] [exthost] [info] ExtensionService#loadCommonJSModule file:///home/soyidiis/.vscode-server/bin/054a9295330880ed74ceaedda236253b4f39a335/extensions/npm/dist/npmMain
[2021-05-27 08:25:54.777] [exthost] [info] ExtensionService#_doActivateExtension naumovs.color-highlight {"startup":false,"extensionId":{"value":"naumovs.color-highlight","_lower":"naumovs.color-highlight"},"activationEvent":"*"}
[2021-05-27 08:25:54.778] [exthost] [info] ExtensionService#loadCommonJSModule file:///home/soyidiis/.vscode-server/extensions/naumovs.color-highlight-2.3.0/dist/extension
[2021-05-27 08:25:58.085] [exthost] [info] ExtensionService#_doActivateExtension vscode.typescript-language-features {"startup":false,"extensionId":{"value":"vscode.typescript-language-features","_lower":"vscode.typescript-language-features"},"activationEvent":"onLanguage:javascript"}
[2021-05-27 08:25:58.085] [exthost] [info] ExtensionService#loadCommonJSModule file:///home/soyidiis/.vscode-server/bin/054a9295330880ed74ceaedda236253b4f39a335/extensions/typescript-language-features/dist/extension
[2021-05-27 08:25:59.336] [exthost] [info] ExtensionService#_doActivateExtension christian-kohler.path-intellisense {"startup":false,"extensionId":{"value":"christian-kohler.path-intellisense","_lower":"christian-kohler.path-intellisense"},"activationEvent":"*"}
[2021-05-27 08:25:59.336] [exthost] [info] ExtensionService#loadCommonJSModule file:///home/soyidiis/.vscode-server/extensions/christian-kohler.path-intellisense-2.3.0/out/extension.js
[2021-05-27 08:26:02.904] [exthost] [info] ExtensionService#_doActivateExtension ritwickdey.LiveServer {"startup":false,"extensionId":{"value":"ritwickdey.LiveServer","_lower":"ritwickdey.liveserver"},"activationEvent":"*"}
[2021-05-27 08:26:02.904] [exthost] [info] ExtensionService#loadCommonJSModule file:///home/soyidiis/.vscode-server/extensions/ritwickdey.liveserver-5.6.1/out/src/extension
[2021-05-27 08:26:04.130] [exthost] [info] ExtensionService#_doActivateExtension esbenp.prettier-vscode {"startup":false,"extensionId":{"value":"esbenp.prettier-vscode","_lower":"esbenp.prettier-vscode"},"activationEvent":"onStartupFinished"}
[2021-05-27 08:26:04.130] [exthost] [info] ExtensionService#loadCommonJSModule file:///home/soyidiis/.vscode-server/extensions/esbenp.prettier-vscode-6.4.0/dist/extension
[2021-05-27 08:38:00.334] [exthost] [info] extension host terminating: received terminate message from renderer
[2021-05-27 08:38:01.360] [exthost] [info] exiting with code 0
